2023-10-09 16:47:30,240 INFO [main] c.p.r.RatingApplication - Starting RatingApplication using Java 17.0.8 with PID 24416 (C:\Users\cboswell\OneDrive - V2SOFT INC\Desktop\IdeaProjects\Rating\build\classes\java\main started by cboswell in C:\Users\cboswell\OneDrive - V2SOFT INC\Desktop\IdeaProjects\Rating)
2023-10-09 16:47:30,253 INFO [main] c.p.r.RatingApplication - No active profile set, falling back to 1 default profile: "default"
2023-10-09 16:47:30,821 INFO [main] o.s.d.r.c.RepositoryConfigurationDelegate - Bootstrapping Spring Data MongoDB repositories in DEFAULT mode.
2023-10-09 16:47:30,883 INFO [main] o.s.d.r.c.RepositoryConfigurationDelegate - Finished Spring Data repository scanning in 50 ms. Found 1 MongoDB repository interfaces.
2023-10-09 16:47:31,230 INFO [main] o.s.b.w.e.t.TomcatWebServer - Tomcat initialized with port(s): 8080 (http)
2023-10-09 16:47:31,238 INFO [main] o.a.c.h.Http11NioProtocol - Initializing ProtocolHandler ["http-nio-8080"]
2023-10-09 16:47:31,240 INFO [main] o.a.c.c.StandardService - Starting service [Tomcat]
2023-10-09 16:47:31,240 INFO [main] o.a.c.c.StandardEngine - Starting Servlet engine: [Apache Tomcat/10.1.13]
2023-10-09 16:47:31,324 INFO [main] o.a.c.c.C.[.[.[/] - Initializing Spring embedded WebApplicationContext
2023-10-09 16:47:31,324 INFO [main] o.s.b.w.s.c.ServletWebServerApplicationContext - Root WebApplicationContext: initialization completed in 1026 ms
2023-10-09 16:47:31,512 INFO [main] o.m.d.client - MongoClient with metadata {"driver": {"name": "mongo-java-driver|sync|spring-boot", "version": "4.9.1"}, "os": {"type": "Windows", "name": "Windows 11", "architecture": "amd64", "version": "10.0"}, "platform": "Java/Oracle Corporation/17.0.8+9-LTS-211"} created with settings MongoClientSettings{readPreference=primary, writeConcern=WriteConcern{w=null, wTimeout=null ms, journal=null}, retryWrites=true, retryReads=true, readConcern=ReadConcern{level=null}, credential=null, streamFactoryFactory=null, commandListeners=[], codecRegistry=ProvidersCodecRegistry{codecProviders=[ValueCodecProvider{}, BsonValueCodecProvider{}, DBRefCodecProvider{}, DBObjectCodecProvider{}, DocumentCodecProvider{}, CollectionCodecProvider{}, IterableCodecProvider{}, MapCodecProvider{}, GeoJsonCodecProvider{}, GridFSFileCodecProvider{}, Jsr310CodecProvider{}, JsonObjectCodecProvider{}, BsonCodecProvider{}, EnumCodecProvider{}, com.mongodb.client.model.mql.ExpressionCodecProvider@7e87ef9e, com.mongodb.Jep395RecordCodecProvider@e3b0369]}, loggerSettings=LoggerSettings{maxDocumentLength=1000}, clusterSettings={hosts=[localhost:27017], srvServiceName=mongodb, mode=SINGLE, requiredClusterType=UNKNOWN, requiredReplicaSetName='null', serverSelector='null', clusterListeners='[]', serverSelectionTimeout='30000 ms', localThreshold='30000 ms'}, socketSettings=SocketSettings{connectTimeoutMS=10000, readTimeoutMS=0, receiveBufferSize=0, sendBufferSize=0}, heartbeatSocketSettings=SocketSettings{connectTimeoutMS=10000, readTimeoutMS=10000, receiveBufferSize=0, sendBufferSize=0}, connectionPoolSettings=ConnectionPoolSettings{maxSize=100, minSize=0, maxWaitTimeMS=120000, maxConnectionLifeTimeMS=0, maxConnectionIdleTimeMS=0, maintenanceInitialDelayMS=0, maintenanceFrequencyMS=60000, connectionPoolListeners=[], maxConnecting=2}, serverSettings=ServerSettings{heartbeatFrequencyMS=10000, minHeartbeatFrequencyMS=500, serverListeners='[]', serverMonitorListeners='[]'}, sslSettings=SslSettings{enabled=false, invalidHostNameAllowed=false, context=null}, applicationName='null', compressorList=[], uuidRepresentation=JAVA_LEGACY, serverApi=null, autoEncryptionSettings=null, contextProvider=null}
2023-10-09 16:47:31,520 INFO [cluster-ClusterId{value='652466e363f32051969c9137', description='null'}-localhost:27017] o.m.d.cluster - Monitor thread successfully connected to server with description ServerDescription{address=localhost:27017, type=STANDALONE, state=CONNECTED, ok=true, minWireVersion=0, maxWireVersion=21, maxDocumentSize=16777216, logicalSessionTimeoutMinutes=30, roundTripTimeNanos=19662700}
2023-10-09 16:47:32,037 INFO [main] o.a.c.h.Http11NioProtocol - Starting ProtocolHandler ["http-nio-8080"]
2023-10-09 16:47:32,060 INFO [main] o.s.b.w.e.t.TomcatWebServer - Tomcat started on port(s): 8080 (http) with context path ''
2023-10-09 16:47:32,066 INFO [main] c.p.r.RatingApplication - Started RatingApplication in 2.207 seconds (process running for 4.125)
2023-10-09 16:51:18,134 INFO [main] c.p.r.RatingApplication - Starting RatingApplication using Java 17.0.8 with PID 26016 (C:\Users\cboswell\OneDrive - V2SOFT INC\Desktop\IdeaProjects\Rating\build\classes\java\main started by cboswell in C:\Users\cboswell\OneDrive - V2SOFT INC\Desktop\IdeaProjects\Rating)
2023-10-09 16:51:18,141 INFO [main] c.p.r.RatingApplication - No active profile set, falling back to 1 default profile: "default"
2023-10-09 16:51:18,713 INFO [main] o.s.d.r.c.RepositoryConfigurationDelegate - Bootstrapping Spring Data MongoDB repositories in DEFAULT mode.
2023-10-09 16:51:18,759 INFO [main] o.s.d.r.c.RepositoryConfigurationDelegate - Finished Spring Data repository scanning in 41 ms. Found 1 MongoDB repository interfaces.
2023-10-09 16:51:19,108 INFO [main] o.s.b.w.e.t.TomcatWebServer - Tomcat initialized with port(s): 8080 (http)
2023-10-09 16:51:19,116 INFO [main] o.a.c.h.Http11NioProtocol - Initializing ProtocolHandler ["http-nio-8080"]
2023-10-09 16:51:19,117 INFO [main] o.a.c.c.StandardService - Starting service [Tomcat]
2023-10-09 16:51:19,118 INFO [main] o.a.c.c.StandardEngine - Starting Servlet engine: [Apache Tomcat/10.1.13]
2023-10-09 16:51:19,211 INFO [main] o.a.c.c.C.[.[.[/] - Initializing Spring embedded WebApplicationContext
2023-10-09 16:51:19,211 INFO [main] o.s.b.w.s.c.ServletWebServerApplicationContext - Root WebApplicationContext: initialization completed in 1032 ms
2023-10-09 16:51:19,409 INFO [main] o.m.d.client - MongoClient with metadata {"driver": {"name": "mongo-java-driver|sync|spring-boot", "version": "4.9.1"}, "os": {"type": "Windows", "name": "Windows 11", "architecture": "amd64", "version": "10.0"}, "platform": "Java/Oracle Corporation/17.0.8+9-LTS-211"} created with settings MongoClientSettings{readPreference=primary, writeConcern=WriteConcern{w=null, wTimeout=null ms, journal=null}, retryWrites=true, retryReads=true, readConcern=ReadConcern{level=null}, credential=null, streamFactoryFactory=null, commandListeners=[], codecRegistry=ProvidersCodecRegistry{codecProviders=[ValueCodecProvider{}, BsonValueCodecProvider{}, DBRefCodecProvider{}, DBObjectCodecProvider{}, DocumentCodecProvider{}, CollectionCodecProvider{}, IterableCodecProvider{}, MapCodecProvider{}, GeoJsonCodecProvider{}, GridFSFileCodecProvider{}, Jsr310CodecProvider{}, JsonObjectCodecProvider{}, BsonCodecProvider{}, EnumCodecProvider{}, com.mongodb.client.model.mql.ExpressionCodecProvider@373052b5, com.mongodb.Jep395RecordCodecProvider@67e0ff3a]}, loggerSettings=LoggerSettings{maxDocumentLength=1000}, clusterSettings={hosts=[localhost:27017], srvServiceName=mongodb, mode=SINGLE, requiredClusterType=UNKNOWN, requiredReplicaSetName='null', serverSelector='null', clusterListeners='[]', serverSelectionTimeout='30000 ms', localThreshold='30000 ms'}, socketSettings=SocketSettings{connectTimeoutMS=10000, readTimeoutMS=0, receiveBufferSize=0, sendBufferSize=0}, heartbeatSocketSettings=SocketSettings{connectTimeoutMS=10000, readTimeoutMS=10000, receiveBufferSize=0, sendBufferSize=0}, connectionPoolSettings=ConnectionPoolSettings{maxSize=100, minSize=0, maxWaitTimeMS=120000, maxConnectionLifeTimeMS=0, maxConnectionIdleTimeMS=0, maintenanceInitialDelayMS=0, maintenanceFrequencyMS=60000, connectionPoolListeners=[], maxConnecting=2}, serverSettings=ServerSettings{heartbeatFrequencyMS=10000, minHeartbeatFrequencyMS=500, serverListeners='[]', serverMonitorListeners='[]'}, sslSettings=SslSettings{enabled=false, invalidHostNameAllowed=false, context=null}, applicationName='null', compressorList=[], uuidRepresentation=JAVA_LEGACY, serverApi=null, autoEncryptionSettings=null, contextProvider=null}
2023-10-09 16:51:19,420 INFO [cluster-ClusterId{value='652467c747f43c4fda62dd8c', description='null'}-localhost:27017] o.m.d.cluster - Monitor thread successfully connected to server with description ServerDescription{address=localhost:27017, type=STANDALONE, state=CONNECTED, ok=true, minWireVersion=0, maxWireVersion=21, maxDocumentSize=16777216, logicalSessionTimeoutMinutes=30, roundTripTimeNanos=23265400}
2023-10-09 16:51:20,064 INFO [main] o.a.c.h.Http11NioProtocol - Starting ProtocolHandler ["http-nio-8080"]
2023-10-09 16:51:20,084 INFO [main] o.s.b.w.e.t.TomcatWebServer - Tomcat started on port(s): 8080 (http) with context path ''
2023-10-09 16:51:20,092 INFO [main] c.p.r.RatingApplication - Started RatingApplication in 2.329 seconds (process running for 3.29)
2023-10-09 16:51:40,892 INFO [http-nio-8080-exec-2] o.a.c.c.C.[.[.[/] - Initializing Spring DispatcherServlet 'dispatcherServlet'
2023-10-09 16:51:40,892 INFO [http-nio-8080-exec-2] o.s.w.s.DispatcherServlet - Initializing Servlet 'dispatcherServlet'
2023-10-09 16:51:40,893 INFO [http-nio-8080-exec-2] o.s.w.s.DispatcherServlet - Completed initialization in 0 ms
2023-10-09 16:51:40,997 ERROR [http-nio-8080-exec-2] lowReviews - Low-rated review with rating code: 1
2023-10-09 16:51:43,083 ERROR [http-nio-8080-exec-4] lowReviews - Low-rated review with rating code: 1
2023-10-09 16:51:43,834 ERROR [http-nio-8080-exec-6] lowReviews - Low-rated review with rating code: 1
2023-10-09 16:51:45,048 ERROR [http-nio-8080-exec-7] lowReviews - Low-rated review with rating code: 1
2023-10-09 16:54:28,055 INFO [main] c.p.r.RatingApplication - Starting RatingApplication using Java 17.0.8 with PID 17484 (C:\Users\cboswell\OneDrive - V2SOFT INC\Desktop\IdeaProjects\Rating\build\classes\java\main started by cboswell in C:\Users\cboswell\OneDrive - V2SOFT INC\Desktop\IdeaProjects\Rating)
2023-10-09 16:54:28,061 INFO [main] c.p.r.RatingApplication - No active profile set, falling back to 1 default profile: "default"
2023-10-09 16:54:28,608 INFO [main] o.s.d.r.c.RepositoryConfigurationDelegate - Bootstrapping Spring Data MongoDB repositories in DEFAULT mode.
2023-10-09 16:54:28,669 INFO [main] o.s.d.r.c.RepositoryConfigurationDelegate - Finished Spring Data repository scanning in 56 ms. Found 1 MongoDB repository interfaces.
2023-10-09 16:54:29,044 INFO [main] o.s.b.w.e.t.TomcatWebServer - Tomcat initialized with port(s): 8080 (http)
2023-10-09 16:54:29,054 INFO [main] o.a.c.h.Http11NioProtocol - Initializing ProtocolHandler ["http-nio-8080"]
2023-10-09 16:54:29,056 INFO [main] o.a.c.c.StandardService - Starting service [Tomcat]
2023-10-09 16:54:29,056 INFO [main] o.a.c.c.StandardEngine - Starting Servlet engine: [Apache Tomcat/10.1.13]
2023-10-09 16:54:29,202 INFO [main] o.a.c.c.C.[.[.[/] - Initializing Spring embedded WebApplicationContext
2023-10-09 16:54:29,203 INFO [main] o.s.b.w.s.c.ServletWebServerApplicationContext - Root WebApplicationContext: initialization completed in 1098 ms
2023-10-09 16:54:29,538 INFO [main] o.m.d.client - MongoClient with metadata {"driver": {"name": "mongo-java-driver|sync|spring-boot", "version": "4.9.1"}, "os": {"type": "Windows", "name": "Windows 11", "architecture": "amd64", "version": "10.0"}, "platform": "Java/Oracle Corporation/17.0.8+9-LTS-211"} created with settings MongoClientSettings{readPreference=primary, writeConcern=WriteConcern{w=null, wTimeout=null ms, journal=null}, retryWrites=true, retryReads=true, readConcern=ReadConcern{level=null}, credential=null, streamFactoryFactory=null, commandListeners=[], codecRegistry=ProvidersCodecRegistry{codecProviders=[ValueCodecProvider{}, BsonValueCodecProvider{}, DBRefCodecProvider{}, DBObjectCodecProvider{}, DocumentCodecProvider{}, CollectionCodecProvider{}, IterableCodecProvider{}, MapCodecProvider{}, GeoJsonCodecProvider{}, GridFSFileCodecProvider{}, Jsr310CodecProvider{}, JsonObjectCodecProvider{}, BsonCodecProvider{}, EnumCodecProvider{}, com.mongodb.client.model.mql.ExpressionCodecProvider@4342c13, com.mongodb.Jep395RecordCodecProvider@2ba1209b]}, loggerSettings=LoggerSettings{maxDocumentLength=1000}, clusterSettings={hosts=[localhost:27017], srvServiceName=mongodb, mode=SINGLE, requiredClusterType=UNKNOWN, requiredReplicaSetName='null', serverSelector='null', clusterListeners='[]', serverSelectionTimeout='30000 ms', localThreshold='30000 ms'}, socketSettings=SocketSettings{connectTimeoutMS=10000, readTimeoutMS=0, receiveBufferSize=0, sendBufferSize=0}, heartbeatSocketSettings=SocketSettings{connectTimeoutMS=10000, readTimeoutMS=10000, receiveBufferSize=0, sendBufferSize=0}, connectionPoolSettings=ConnectionPoolSettings{maxSize=100, minSize=0, maxWaitTimeMS=120000, maxConnectionLifeTimeMS=0, maxConnectionIdleTimeMS=0, maintenanceInitialDelayMS=0, maintenanceFrequencyMS=60000, connectionPoolListeners=[], maxConnecting=2}, serverSettings=ServerSettings{heartbeatFrequencyMS=10000, minHeartbeatFrequencyMS=500, serverListeners='[]', serverMonitorListeners='[]'}, sslSettings=SslSettings{enabled=false, invalidHostNameAllowed=false, context=null}, applicationName='null', compressorList=[], uuidRepresentation=JAVA_LEGACY, serverApi=null, autoEncryptionSettings=null, contextProvider=null}
2023-10-09 16:54:29,546 INFO [cluster-ClusterId{value='652468858d32d10e5dd808be', description='null'}-localhost:27017] o.m.d.cluster - Monitor thread successfully connected to server with description ServerDescription{address=localhost:27017, type=STANDALONE, state=CONNECTED, ok=true, minWireVersion=0, maxWireVersion=21, maxDocumentSize=16777216, logicalSessionTimeoutMinutes=30, roundTripTimeNanos=21173300}
2023-10-09 16:54:30,077 INFO [main] o.a.c.h.Http11NioProtocol - Starting ProtocolHandler ["http-nio-8080"]
2023-10-09 16:54:30,093 INFO [main] o.s.b.w.e.t.TomcatWebServer - Tomcat started on port(s): 8080 (http) with context path ''
2023-10-09 16:54:30,098 INFO [main] c.p.r.RatingApplication - Started RatingApplication in 2.486 seconds (process running for 3.611)
2023-10-09 16:55:44,846 INFO [main] c.p.r.RatingApplication - Starting RatingApplication using Java 17.0.8 with PID 19712 (C:\Users\cboswell\OneDrive - V2SOFT INC\Desktop\IdeaProjects\Rating\build\classes\java\main started by cboswell in C:\Users\cboswell\OneDrive - V2SOFT INC\Desktop\IdeaProjects\Rating)
2023-10-09 16:55:44,853 INFO [main] c.p.r.RatingApplication - No active profile set, falling back to 1 default profile: "default"
2023-10-09 16:55:45,516 INFO [main] o.s.d.r.c.RepositoryConfigurationDelegate - Bootstrapping Spring Data MongoDB repositories in DEFAULT mode.
2023-10-09 16:55:45,577 INFO [main] o.s.d.r.c.RepositoryConfigurationDelegate - Finished Spring Data repository scanning in 56 ms. Found 1 MongoDB repository interfaces.
2023-10-09 16:55:45,940 INFO [main] o.s.b.w.e.t.TomcatWebServer - Tomcat initialized with port(s): 8080 (http)
2023-10-09 16:55:45,950 INFO [main] o.a.c.h.Http11NioProtocol - Initializing ProtocolHandler ["http-nio-8080"]
2023-10-09 16:55:45,952 INFO [main] o.a.c.c.StandardService - Starting service [Tomcat]
2023-10-09 16:55:45,952 INFO [main] o.a.c.c.StandardEngine - Starting Servlet engine: [Apache Tomcat/10.1.13]
2023-10-09 16:55:46,056 INFO [main] o.a.c.c.C.[.[.[/] - Initializing Spring embedded WebApplicationContext
2023-10-09 16:55:46,056 INFO [main] o.s.b.w.s.c.ServletWebServerApplicationContext - Root WebApplicationContext: initialization completed in 1154 ms
2023-10-09 16:55:46,256 INFO [main] o.m.d.client - MongoClient with metadata {"driver": {"name": "mongo-java-driver|sync|spring-boot", "version": "4.9.1"}, "os": {"type": "Windows", "name": "Windows 11", "architecture": "amd64", "version": "10.0"}, "platform": "Java/Oracle Corporation/17.0.8+9-LTS-211"} created with settings MongoClientSettings{readPreference=primary, writeConcern=WriteConcern{w=null, wTimeout=null ms, journal=null}, retryWrites=true, retryReads=true, readConcern=ReadConcern{level=null}, credential=null, streamFactoryFactory=null, commandListeners=[], codecRegistry=ProvidersCodecRegistry{codecProviders=[ValueCodecProvider{}, BsonValueCodecProvider{}, DBRefCodecProvider{}, DBObjectCodecProvider{}, DocumentCodecProvider{}, CollectionCodecProvider{}, IterableCodecProvider{}, MapCodecProvider{}, GeoJsonCodecProvider{}, GridFSFileCodecProvider{}, Jsr310CodecProvider{}, JsonObjectCodecProvider{}, BsonCodecProvider{}, EnumCodecProvider{}, com.mongodb.client.model.mql.ExpressionCodecProvider@4391a2d8, com.mongodb.Jep395RecordCodecProvider@47b269c4]}, loggerSettings=LoggerSettings{maxDocumentLength=1000}, clusterSettings={hosts=[localhost:27017], srvServiceName=mongodb, mode=SINGLE, requiredClusterType=UNKNOWN, requiredReplicaSetName='null', serverSelector='null', clusterListeners='[]', serverSelectionTimeout='30000 ms', localThreshold='30000 ms'}, socketSettings=SocketSettings{connectTimeoutMS=10000, readTimeoutMS=0, receiveBufferSize=0, sendBufferSize=0}, heartbeatSocketSettings=SocketSettings{connectTimeoutMS=10000, readTimeoutMS=10000, receiveBufferSize=0, sendBufferSize=0}, connectionPoolSettings=ConnectionPoolSettings{maxSize=100, minSize=0, maxWaitTimeMS=120000, maxConnectionLifeTimeMS=0, maxConnectionIdleTimeMS=0, maintenanceInitialDelayMS=0, maintenanceFrequencyMS=60000, connectionPoolListeners=[], maxConnecting=2}, serverSettings=ServerSettings{heartbeatFrequencyMS=10000, minHeartbeatFrequencyMS=500, serverListeners='[]', serverMonitorListeners='[]'}, sslSettings=SslSettings{enabled=false, invalidHostNameAllowed=false, context=null}, applicationName='null', compressorList=[], uuidRepresentation=JAVA_LEGACY, serverApi=null, autoEncryptionSettings=null, contextProvider=null}
2023-10-09 16:55:46,264 INFO [cluster-ClusterId{value='652468d2138e69123a54ca3a', description='null'}-localhost:27017] o.m.d.cluster - Monitor thread successfully connected to server with description ServerDescription{address=localhost:27017, type=STANDALONE, state=CONNECTED, ok=true, minWireVersion=0, maxWireVersion=21, maxDocumentSize=16777216, logicalSessionTimeoutMinutes=30, roundTripTimeNanos=20798300}
2023-10-09 16:55:46,948 INFO [main] o.a.c.h.Http11NioProtocol - Starting ProtocolHandler ["http-nio-8080"]
2023-10-09 16:55:46,977 INFO [main] o.s.b.w.e.t.TomcatWebServer - Tomcat started on port(s): 8080 (http) with context path ''
2023-10-09 16:55:46,993 INFO [main] c.p.r.RatingApplication - Started RatingApplication in 2.505 seconds (process running for 3.47)
2023-10-09 16:55:59,399 INFO [http-nio-8080-exec-4] o.a.c.c.C.[.[.[/] - Initializing Spring DispatcherServlet 'dispatcherServlet'
2023-10-09 16:55:59,399 INFO [http-nio-8080-exec-4] o.s.w.s.DispatcherServlet - Initializing Servlet 'dispatcherServlet'
2023-10-09 16:55:59,400 INFO [http-nio-8080-exec-4] o.s.w.s.DispatcherServlet - Completed initialization in 0 ms
2023-10-09 16:55:59,503 ERROR [http-nio-8080-exec-4] lowReviews - Low-rated review with rating code: 1
2023-10-09 16:56:00,439 ERROR [http-nio-8080-exec-2] lowReviews - Low-rated review with rating code: 1
2023-10-09 16:56:04,069 INFO [http-nio-8080-exec-6] c.p.r.s.RatingService - Deleted collection: Reviews
2023-10-09 16:56:06,372 INFO [http-nio-8080-exec-7] c.p.r.s.RatingService - Created collection: Reviews
2023-10-09 16:56:08,328 ERROR [http-nio-8080-exec-8] lowReviews - Low-rated review with rating code: 1
2023-10-09 16:56:09,320 ERROR [http-nio-8080-exec-10] lowReviews - Low-rated review with rating code: 1
2023-10-09 16:58:48,366 INFO [main] c.p.r.RatingApplication - Starting RatingApplication using Java 17.0.8 with PID 17996 (C:\Users\cboswell\OneDrive - V2SOFT INC\Desktop\IdeaProjects\Rating\build\classes\java\main started by cboswell in C:\Users\cboswell\OneDrive - V2SOFT INC\Desktop\IdeaProjects\Rating)
2023-10-09 16:58:48,375 INFO [main] c.p.r.RatingApplication - No active profile set, falling back to 1 default profile: "default"
2023-10-09 16:58:49,102 INFO [main] o.s.d.r.c.RepositoryConfigurationDelegate - Bootstrapping Spring Data MongoDB repositories in DEFAULT mode.
2023-10-09 16:58:49,162 INFO [main] o.s.d.r.c.RepositoryConfigurationDelegate - Finished Spring Data repository scanning in 54 ms. Found 1 MongoDB repository interfaces.
2023-10-09 16:58:49,553 INFO [main] o.s.b.w.e.t.TomcatWebServer - Tomcat initialized with port(s): 8080 (http)
2023-10-09 16:58:49,561 INFO [main] o.a.c.h.Http11NioProtocol - Initializing ProtocolHandler ["http-nio-8080"]
2023-10-09 16:58:49,563 INFO [main] o.a.c.c.StandardService - Starting service [Tomcat]
2023-10-09 16:58:49,563 INFO [main] o.a.c.c.StandardEngine - Starting Servlet engine: [Apache Tomcat/10.1.13]
2023-10-09 16:58:49,666 INFO [main] o.a.c.c.C.[.[.[/] - Initializing Spring embedded WebApplicationContext
2023-10-09 16:58:49,667 INFO [main] o.s.b.w.s.c.ServletWebServerApplicationContext - Root WebApplicationContext: initialization completed in 1244 ms
2023-10-09 16:58:49,915 INFO [main] o.m.d.client - MongoClient with metadata {"driver": {"name": "mongo-java-driver|sync|spring-boot", "version": "4.9.1"}, "os": {"type": "Windows", "name": "Windows 11", "architecture": "amd64", "version": "10.0"}, "platform": "Java/Oracle Corporation/17.0.8+9-LTS-211"} created with settings MongoClientSettings{readPreference=primary, writeConcern=WriteConcern{w=null, wTimeout=null ms, journal=null}, retryWrites=true, retryReads=true, readConcern=ReadConcern{level=null}, credential=null, streamFactoryFactory=null, commandListeners=[], codecRegistry=ProvidersCodecRegistry{codecProviders=[ValueCodecProvider{}, BsonValueCodecProvider{}, DBRefCodecProvider{}, DBObjectCodecProvider{}, DocumentCodecProvider{}, CollectionCodecProvider{}, IterableCodecProvider{}, MapCodecProvider{}, GeoJsonCodecProvider{}, GridFSFileCodecProvider{}, Jsr310CodecProvider{}, JsonObjectCodecProvider{}, BsonCodecProvider{}, EnumCodecProvider{}, com.mongodb.client.model.mql.ExpressionCodecProvider@4e3f2908, com.mongodb.Jep395RecordCodecProvider@7e87ef9e]}, loggerSettings=LoggerSettings{maxDocumentLength=1000}, clusterSettings={hosts=[localhost:27017], srvServiceName=mongodb, mode=SINGLE, requiredClusterType=UNKNOWN, requiredReplicaSetName='null', serverSelector='null', clusterListeners='[]', serverSelectionTimeout='30000 ms', localThreshold='30000 ms'}, socketSettings=SocketSettings{connectTimeoutMS=10000, readTimeoutMS=0, receiveBufferSize=0, sendBufferSize=0}, heartbeatSocketSettings=SocketSettings{connectTimeoutMS=10000, readTimeoutMS=10000, receiveBufferSize=0, sendBufferSize=0}, connectionPoolSettings=ConnectionPoolSettings{maxSize=100, minSize=0, maxWaitTimeMS=120000, maxConnectionLifeTimeMS=0, maxConnectionIdleTimeMS=0, maintenanceInitialDelayMS=0, maintenanceFrequencyMS=60000, connectionPoolListeners=[], maxConnecting=2}, serverSettings=ServerSettings{heartbeatFrequencyMS=10000, minHeartbeatFrequencyMS=500, serverListeners='[]', serverMonitorListeners='[]'}, sslSettings=SslSettings{enabled=false, invalidHostNameAllowed=false, context=null}, applicationName='null', compressorList=[], uuidRepresentation=JAVA_LEGACY, serverApi=null, autoEncryptionSettings=null, contextProvider=null}
2023-10-09 16:58:49,931 INFO [cluster-ClusterId{value='652469891a37130c56045e0e', description='null'}-localhost:27017] o.m.d.cluster - Monitor thread successfully connected to server with description ServerDescription{address=localhost:27017, type=STANDALONE, state=CONNECTED, ok=true, minWireVersion=0, maxWireVersion=21, maxDocumentSize=16777216, logicalSessionTimeoutMinutes=30, roundTripTimeNanos=36054700}
2023-10-09 16:58:50,565 INFO [main] o.a.c.h.Http11NioProtocol - Starting ProtocolHandler ["http-nio-8080"]
2023-10-09 16:58:50,589 INFO [main] o.s.b.w.e.t.TomcatWebServer - Tomcat started on port(s): 8080 (http) with context path ''
2023-10-09 16:58:50,596 INFO [main] c.p.r.RatingApplication - Started RatingApplication in 2.643 seconds (process running for 3.805)
2023-10-09 16:59:04,502 INFO [http-nio-8080-exec-1] o.a.c.c.C.[.[.[/] - Initializing Spring DispatcherServlet 'dispatcherServlet'
2023-10-09 16:59:04,502 INFO [http-nio-8080-exec-1] o.s.w.s.DispatcherServlet - Initializing Servlet 'dispatcherServlet'
2023-10-09 16:59:04,503 INFO [http-nio-8080-exec-1] o.s.w.s.DispatcherServlet - Completed initialization in 1 ms
2023-10-09 16:59:04,607 INFO [http-nio-8080-exec-1] c.p.r.s.RatingService - Fetching data from collection: Reviews
2023-10-09 17:01:02,117 INFO [main] c.p.r.RatingApplication - Starting RatingApplication using Java 17.0.8 with PID 14428 (C:\Users\cboswell\OneDrive - V2SOFT INC\Desktop\IdeaProjects\Rating\build\classes\java\main started by cboswell in C:\Users\cboswell\OneDrive - V2SOFT INC\Desktop\IdeaProjects\Rating)
2023-10-09 17:01:02,126 INFO [main] c.p.r.RatingApplication - No active profile set, falling back to 1 default profile: "default"
2023-10-09 17:01:02,704 INFO [main] o.s.d.r.c.RepositoryConfigurationDelegate - Bootstrapping Spring Data MongoDB repositories in DEFAULT mode.
2023-10-09 17:01:02,762 INFO [main] o.s.d.r.c.RepositoryConfigurationDelegate - Finished Spring Data repository scanning in 52 ms. Found 1 MongoDB repository interfaces.
2023-10-09 17:01:03,146 INFO [main] o.s.b.w.e.t.TomcatWebServer - Tomcat initialized with port(s): 8080 (http)
2023-10-09 17:01:03,154 INFO [main] o.a.c.h.Http11NioProtocol - Initializing ProtocolHandler ["http-nio-8080"]
2023-10-09 17:01:03,156 INFO [main] o.a.c.c.StandardService - Starting service [Tomcat]
2023-10-09 17:01:03,156 INFO [main] o.a.c.c.StandardEngine - Starting Servlet engine: [Apache Tomcat/10.1.13]
2023-10-09 17:01:03,253 INFO [main] o.a.c.c.C.[.[.[/] - Initializing Spring embedded WebApplicationContext
2023-10-09 17:01:03,253 INFO [main] o.s.b.w.s.c.ServletWebServerApplicationContext - Root WebApplicationContext: initialization completed in 1083 ms
2023-10-09 17:01:03,455 INFO [main] o.m.d.client - MongoClient with metadata {"driver": {"name": "mongo-java-driver|sync|spring-boot", "version": "4.9.1"}, "os": {"type": "Windows", "name": "Windows 11", "architecture": "amd64", "version": "10.0"}, "platform": "Java/Oracle Corporation/17.0.8+9-LTS-211"} created with settings MongoClientSettings{readPreference=primary, writeConcern=WriteConcern{w=null, wTimeout=null ms, journal=null}, retryWrites=true, retryReads=true, readConcern=ReadConcern{level=null}, credential=null, streamFactoryFactory=null, commandListeners=[], codecRegistry=ProvidersCodecRegistry{codecProviders=[ValueCodecProvider{}, BsonValueCodecProvider{}, DBRefCodecProvider{}, DBObjectCodecProvider{}, DocumentCodecProvider{}, CollectionCodecProvider{}, IterableCodecProvider{}, MapCodecProvider{}, GeoJsonCodecProvider{}, GridFSFileCodecProvider{}, Jsr310CodecProvider{}, JsonObjectCodecProvider{}, BsonCodecProvider{}, EnumCodecProvider{}, com.mongodb.client.model.mql.ExpressionCodecProvider@6579cdbb, com.mongodb.Jep395RecordCodecProvider@fd413fb]}, loggerSettings=LoggerSettings{maxDocumentLength=1000}, clusterSettings={hosts=[localhost:27017], srvServiceName=mongodb, mode=SINGLE, requiredClusterType=UNKNOWN, requiredReplicaSetName='null', serverSelector='null', clusterListeners='[]', serverSelectionTimeout='30000 ms', localThreshold='30000 ms'}, socketSettings=SocketSettings{connectTimeoutMS=10000, readTimeoutMS=0, receiveBufferSize=0, sendBufferSize=0}, heartbeatSocketSettings=SocketSettings{connectTimeoutMS=10000, readTimeoutMS=10000, receiveBufferSize=0, sendBufferSize=0}, connectionPoolSettings=ConnectionPoolSettings{maxSize=100, minSize=0, maxWaitTimeMS=120000, maxConnectionLifeTimeMS=0, maxConnectionIdleTimeMS=0, maintenanceInitialDelayMS=0, maintenanceFrequencyMS=60000, connectionPoolListeners=[], maxConnecting=2}, serverSettings=ServerSettings{heartbeatFrequencyMS=10000, minHeartbeatFrequencyMS=500, serverListeners='[]', serverMonitorListeners='[]'}, sslSettings=SslSettings{enabled=false, invalidHostNameAllowed=false, context=null}, applicationName='null', compressorList=[], uuidRepresentation=JAVA_LEGACY, serverApi=null, autoEncryptionSettings=null, contextProvider=null}
2023-10-09 17:01:03,464 INFO [cluster-ClusterId{value='65246a0f8b6e8664a44d5c62', description='null'}-localhost:27017] o.m.d.cluster - Monitor thread successfully connected to server with description ServerDescription{address=localhost:27017, type=STANDALONE, state=CONNECTED, ok=true, minWireVersion=0, maxWireVersion=21, maxDocumentSize=16777216, logicalSessionTimeoutMinutes=30, roundTripTimeNanos=19538600}
2023-10-09 17:01:03,985 INFO [main] o.a.c.h.Http11NioProtocol - Starting ProtocolHandler ["http-nio-8080"]
2023-10-09 17:01:04,007 INFO [main] o.s.b.w.e.t.TomcatWebServer - Tomcat started on port(s): 8080 (http) with context path ''
2023-10-09 17:01:04,015 INFO [main] c.p.r.RatingApplication - Started RatingApplication in 2.274 seconds (process running for 3.394)
2023-10-09 17:01:09,403 INFO [http-nio-8080-exec-1] o.a.c.c.C.[.[.[/] - Initializing Spring DispatcherServlet 'dispatcherServlet'
2023-10-09 17:01:09,403 INFO [http-nio-8080-exec-1] o.s.w.s.DispatcherServlet - Initializing Servlet 'dispatcherServlet'
2023-10-09 17:01:09,405 INFO [http-nio-8080-exec-1] o.s.w.s.DispatcherServlet - Completed initialization in 2 ms
2023-10-09 17:01:09,537 ERROR [http-nio-8080-exec-1] lowReviews - Low-rated review with rating code: 1
2023-10-09 17:01:11,265 ERROR [http-nio-8080-exec-4] lowReviews - Low-rated review with rating code: 1
2023-10-09 17:01:12,089 ERROR [http-nio-8080-exec-5] lowReviews - Low-rated review with rating code: 1
2023-10-09 17:03:02,378 INFO [main] c.p.r.RatingApplication - Starting RatingApplication using Java 17.0.8 with PID 16856 (C:\Users\cboswell\OneDrive - V2SOFT INC\Desktop\IdeaProjects\Rating\build\classes\java\main started by cboswell in C:\Users\cboswell\OneDrive - V2SOFT INC\Desktop\IdeaProjects\Rating)
2023-10-09 17:03:02,387 INFO [main] c.p.r.RatingApplication - No active profile set, falling back to 1 default profile: "default"
2023-10-09 17:03:02,944 INFO [main] o.s.d.r.c.RepositoryConfigurationDelegate - Bootstrapping Spring Data MongoDB repositories in DEFAULT mode.
2023-10-09 17:03:03,012 INFO [main] o.s.d.r.c.RepositoryConfigurationDelegate - Finished Spring Data repository scanning in 62 ms. Found 1 MongoDB repository interfaces.
2023-10-09 17:03:03,391 INFO [main] o.s.b.w.e.t.TomcatWebServer - Tomcat initialized with port(s): 8080 (http)
2023-10-09 17:03:03,399 INFO [main] o.a.c.h.Http11NioProtocol - Initializing ProtocolHandler ["http-nio-8080"]
2023-10-09 17:03:03,400 INFO [main] o.a.c.c.StandardService - Starting service [Tomcat]
2023-10-09 17:03:03,400 INFO [main] o.a.c.c.StandardEngine - Starting Servlet engine: [Apache Tomcat/10.1.13]
2023-10-09 17:03:03,494 INFO [main] o.a.c.c.C.[.[.[/] - Initializing Spring embedded WebApplicationContext
2023-10-09 17:03:03,494 INFO [main] o.s.b.w.s.c.ServletWebServerApplicationContext - Root WebApplicationContext: initialization completed in 1064 ms
2023-10-09 17:03:03,686 INFO [main] o.m.d.client - MongoClient with metadata {"driver": {"name": "mongo-java-driver|sync|spring-boot", "version": "4.9.1"}, "os": {"type": "Windows", "name": "Windows 11", "architecture": "amd64", "version": "10.0"}, "platform": "Java/Oracle Corporation/17.0.8+9-LTS-211"} created with settings MongoClientSettings{readPreference=primary, writeConcern=WriteConcern{w=null, wTimeout=null ms, journal=null}, retryWrites=true, retryReads=true, readConcern=ReadConcern{level=null}, credential=null, streamFactoryFactory=null, commandListeners=[], codecRegistry=ProvidersCodecRegistry{codecProviders=[ValueCodecProvider{}, BsonValueCodecProvider{}, DBRefCodecProvider{}, DBObjectCodecProvider{}, DocumentCodecProvider{}, CollectionCodecProvider{}, IterableCodecProvider{}, MapCodecProvider{}, GeoJsonCodecProvider{}, GridFSFileCodecProvider{}, Jsr310CodecProvider{}, JsonObjectCodecProvider{}, BsonCodecProvider{}, EnumCodecProvider{}, com.mongodb.client.model.mql.ExpressionCodecProvider@72443081, com.mongodb.Jep395RecordCodecProvider@33feda48]}, loggerSettings=LoggerSettings{maxDocumentLength=1000}, clusterSettings={hosts=[localhost:27017], srvServiceName=mongodb, mode=SINGLE, requiredClusterType=UNKNOWN, requiredReplicaSetName='null', serverSelector='null', clusterListeners='[]', serverSelectionTimeout='30000 ms', localThreshold='30000 ms'}, socketSettings=SocketSettings{connectTimeoutMS=10000, readTimeoutMS=0, receiveBufferSize=0, sendBufferSize=0}, heartbeatSocketSettings=SocketSettings{connectTimeoutMS=10000, readTimeoutMS=10000, receiveBufferSize=0, sendBufferSize=0}, connectionPoolSettings=ConnectionPoolSettings{maxSize=100, minSize=0, maxWaitTimeMS=120000, maxConnectionLifeTimeMS=0, maxConnectionIdleTimeMS=0, maintenanceInitialDelayMS=0, maintenanceFrequencyMS=60000, connectionPoolListeners=[], maxConnecting=2}, serverSettings=ServerSettings{heartbeatFrequencyMS=10000, minHeartbeatFrequencyMS=500, serverListeners='[]', serverMonitorListeners='[]'}, sslSettings=SslSettings{enabled=false, invalidHostNameAllowed=false, context=null}, applicationName='null', compressorList=[], uuidRepresentation=JAVA_LEGACY, serverApi=null, autoEncryptionSettings=null, contextProvider=null}
2023-10-09 17:03:03,695 INFO [cluster-ClusterId{value='65246a8762b5152ef61a1d70', description='null'}-localhost:27017] o.m.d.cluster - Monitor thread successfully connected to server with description ServerDescription{address=localhost:27017, type=STANDALONE, state=CONNECTED, ok=true, minWireVersion=0, maxWireVersion=21, maxDocumentSize=16777216, logicalSessionTimeoutMinutes=30, roundTripTimeNanos=19374800}
2023-10-09 17:03:04,226 INFO [main] o.a.c.h.Http11NioProtocol - Starting ProtocolHandler ["http-nio-8080"]
2023-10-09 17:03:04,247 INFO [main] o.s.b.w.e.t.TomcatWebServer - Tomcat started on port(s): 8080 (http) with context path ''
2023-10-09 17:03:04,255 INFO [main] c.p.r.RatingApplication - Started RatingApplication in 2.266 seconds (process running for 3.257)
2023-10-09 17:03:10,333 INFO [http-nio-8080-exec-2] o.a.c.c.C.[.[.[/] - Initializing Spring DispatcherServlet 'dispatcherServlet'
2023-10-09 17:03:10,333 INFO [http-nio-8080-exec-2] o.s.w.s.DispatcherServlet - Initializing Servlet 'dispatcherServlet'
2023-10-09 17:03:10,335 INFO [http-nio-8080-exec-2] o.s.w.s.DispatcherServlet - Completed initialization in 1 ms
2023-10-09 17:03:10,453 ERROR [http-nio-8080-exec-2] lowReviews - Low-rated review with rating code: 1
2023-10-09 17:03:15,419 INFO [http-nio-8080-exec-4] c.p.r.s.RatingService - Deleted collection: Reviews
2023-10-09 17:03:17,874 INFO [http-nio-8080-exec-5] c.p.r.s.RatingService - Created collection: Reviews
2023-10-09 17:03:20,041 ERROR [http-nio-8080-exec-8] lowReviews - Low-rated review with rating code: 1
2023-10-09 17:03:20,706 ERROR [http-nio-8080-exec-7] lowReviews - Low-rated review with rating code: 1
2023-10-09 17:07:08,571 INFO [main] c.p.r.RatingApplication - Starting RatingApplication using Java 17.0.8 with PID 8356 (C:\Users\cboswell\OneDrive - V2SOFT INC\Desktop\IdeaProjects\Rating\build\classes\java\main started by cboswell in C:\Users\cboswell\OneDrive - V2SOFT INC\Desktop\IdeaProjects\Rating)
2023-10-09 17:07:08,582 INFO [main] c.p.r.RatingApplication - No active profile set, falling back to 1 default profile: "default"
2023-10-09 17:07:09,196 INFO [main] o.s.d.r.c.RepositoryConfigurationDelegate - Bootstrapping Spring Data MongoDB repositories in DEFAULT mode.
2023-10-09 17:07:09,252 INFO [main] o.s.d.r.c.RepositoryConfigurationDelegate - Finished Spring Data repository scanning in 50 ms. Found 1 MongoDB repository interfaces.
2023-10-09 17:07:09,662 INFO [main] o.s.b.w.e.t.TomcatWebServer - Tomcat initialized with port(s): 8080 (http)
2023-10-09 17:07:09,671 INFO [main] o.a.c.h.Http11NioProtocol - Initializing ProtocolHandler ["http-nio-8080"]
2023-10-09 17:07:09,674 INFO [main] o.a.c.c.StandardService - Starting service [Tomcat]
2023-10-09 17:07:09,674 INFO [main] o.a.c.c.StandardEngine - Starting Servlet engine: [Apache Tomcat/10.1.13]
2023-10-09 17:07:09,780 INFO [main] o.a.c.c.C.[.[.[/] - Initializing Spring embedded WebApplicationContext
2023-10-09 17:07:09,780 INFO [main] o.s.b.w.s.c.ServletWebServerApplicationContext - Root WebApplicationContext: initialization completed in 1153 ms
2023-10-09 17:07:09,989 INFO [main] o.m.d.client - MongoClient with metadata {"driver": {"name": "mongo-java-driver|sync|spring-boot", "version": "4.9.1"}, "os": {"type": "Windows", "name": "Windows 11", "architecture": "amd64", "version": "10.0"}, "platform": "Java/Oracle Corporation/17.0.8+9-LTS-211"} created with settings MongoClientSettings{readPreference=primary, writeConcern=WriteConcern{w=null, wTimeout=null ms, journal=null}, retryWrites=true, retryReads=true, readConcern=ReadConcern{level=null}, credential=null, streamFactoryFactory=null, commandListeners=[], codecRegistry=ProvidersCodecRegistry{codecProviders=[ValueCodecProvider{}, BsonValueCodecProvider{}, DBRefCodecProvider{}, DBObjectCodecProvider{}, DocumentCodecProvider{}, CollectionCodecProvider{}, IterableCodecProvider{}, MapCodecProvider{}, GeoJsonCodecProvider{}, GridFSFileCodecProvider{}, Jsr310CodecProvider{}, JsonObjectCodecProvider{}, BsonCodecProvider{}, EnumCodecProvider{}, com.mongodb.client.model.mql.ExpressionCodecProvider@286855ea, com.mongodb.Jep395RecordCodecProvider@64aeaf29]}, loggerSettings=LoggerSettings{maxDocumentLength=1000}, clusterSettings={hosts=[localhost:27017], srvServiceName=mongodb, mode=SINGLE, requiredClusterType=UNKNOWN, requiredReplicaSetName='null', serverSelector='null', clusterListeners='[]', serverSelectionTimeout='30000 ms', localThreshold='30000 ms'}, socketSettings=SocketSettings{connectTimeoutMS=10000, readTimeoutMS=0, receiveBufferSize=0, sendBufferSize=0}, heartbeatSocketSettings=SocketSettings{connectTimeoutMS=10000, readTimeoutMS=10000, receiveBufferSize=0, sendBufferSize=0}, connectionPoolSettings=ConnectionPoolSettings{maxSize=100, minSize=0, maxWaitTimeMS=120000, maxConnectionLifeTimeMS=0, maxConnectionIdleTimeMS=0, maintenanceInitialDelayMS=0, maintenanceFrequencyMS=60000, connectionPoolListeners=[], maxConnecting=2}, serverSettings=ServerSettings{heartbeatFrequencyMS=10000, minHeartbeatFrequencyMS=500, serverListeners='[]', serverMonitorListeners='[]'}, sslSettings=SslSettings{enabled=false, invalidHostNameAllowed=false, context=null}, applicationName='null', compressorList=[], uuidRepresentation=JAVA_LEGACY, serverApi=null, autoEncryptionSettings=null, contextProvider=null}
2023-10-09 17:07:09,997 INFO [cluster-ClusterId{value='65246b7d52f580156d8e466b', description='null'}-localhost:27017] o.m.d.cluster - Monitor thread successfully connected to server with description ServerDescription{address=localhost:27017, type=STANDALONE, state=CONNECTED, ok=true, minWireVersion=0, maxWireVersion=21, maxDocumentSize=16777216, logicalSessionTimeoutMinutes=30, roundTripTimeNanos=20352300}
2023-10-09 17:07:10,522 INFO [main] o.a.c.h.Http11NioProtocol - Starting ProtocolHandler ["http-nio-8080"]
2023-10-09 17:07:10,539 INFO [main] o.s.b.w.e.t.TomcatWebServer - Tomcat started on port(s): 8080 (http) with context path ''
2023-10-09 17:07:10,546 INFO [main] c.p.r.RatingApplication - Started RatingApplication in 2.408 seconds (process running for 3.558)
