2023-10-09 17:44:59,828 INFO [main] c.p.r.RatingApplication - Starting RatingApplication using Java 17.0.8 with PID 26236 (C:\Users\cboswell\OneDrive - V2SOFT INC\Desktop\IdeaProjects\Rating\build\classes\java\main started by cboswell in C:\Users\cboswell\OneDrive - V2SOFT INC\Desktop\IdeaProjects\Rating)
2023-10-09 17:44:59,835 INFO [main] c.p.r.RatingApplication - No active profile set, falling back to 1 default profile: "default"
2023-10-09 17:45:00,322 INFO [main] o.s.d.r.c.RepositoryConfigurationDelegate - Bootstrapping Spring Data MongoDB repositories in DEFAULT mode.
2023-10-09 17:45:00,379 INFO [main] o.s.d.r.c.RepositoryConfigurationDelegate - Finished Spring Data repository scanning in 47 ms. Found 1 MongoDB repository interfaces.
2023-10-09 17:45:00,720 INFO [main] o.s.b.w.e.t.TomcatWebServer - Tomcat initialized with port(s): 8080 (http)
2023-10-09 17:45:00,727 INFO [main] o.a.c.h.Http11NioProtocol - Initializing ProtocolHandler ["http-nio-8080"]
2023-10-09 17:45:00,729 INFO [main] o.a.c.c.StandardService - Starting service [Tomcat]
2023-10-09 17:45:00,729 INFO [main] o.a.c.c.StandardEngine - Starting Servlet engine: [Apache Tomcat/10.1.13]
2023-10-09 17:45:00,813 INFO [main] o.a.c.c.C.[.[.[/] - Initializing Spring embedded WebApplicationContext
2023-10-09 17:45:00,814 INFO [main] o.s.b.w.s.c.ServletWebServerApplicationContext - Root WebApplicationContext: initialization completed in 944 ms
2023-10-09 17:45:01,002 INFO [main] o.m.d.client - MongoClient with metadata {"driver": {"name": "mongo-java-driver|sync|spring-boot", "version": "4.9.1"}, "os": {"type": "Windows", "name": "Windows 11", "architecture": "amd64", "version": "10.0"}, "platform": "Java/Oracle Corporation/17.0.8+9-LTS-211"} created with settings MongoClientSettings{readPreference=primary, writeConcern=WriteConcern{w=null, wTimeout=null ms, journal=null}, retryWrites=true, retryReads=true, readConcern=ReadConcern{level=null}, credential=null, streamFactoryFactory=null, commandListeners=[], codecRegistry=ProvidersCodecRegistry{codecProviders=[ValueCodecProvider{}, BsonValueCodecProvider{}, DBRefCodecProvider{}, DBObjectCodecProvider{}, DocumentCodecProvider{}, CollectionCodecProvider{}, IterableCodecProvider{}, MapCodecProvider{}, GeoJsonCodecProvider{}, GridFSFileCodecProvider{}, Jsr310CodecProvider{}, JsonObjectCodecProvider{}, BsonCodecProvider{}, EnumCodecProvider{}, com.mongodb.client.model.mql.ExpressionCodecProvider@6f6efa4f, com.mongodb.Jep395RecordCodecProvider@4451f60c]}, loggerSettings=LoggerSettings{maxDocumentLength=1000}, clusterSettings={hosts=[localhost:27017], srvServiceName=mongodb, mode=SINGLE, requiredClusterType=UNKNOWN, requiredReplicaSetName='null', serverSelector='null', clusterListeners='[]', serverSelectionTimeout='30000 ms', localThreshold='30000 ms'}, socketSettings=SocketSettings{connectTimeoutMS=10000, readTimeoutMS=0, receiveBufferSize=0, sendBufferSize=0}, heartbeatSocketSettings=SocketSettings{connectTimeoutMS=10000, readTimeoutMS=10000, receiveBufferSize=0, sendBufferSize=0}, connectionPoolSettings=ConnectionPoolSettings{maxSize=100, minSize=0, maxWaitTimeMS=120000, maxConnectionLifeTimeMS=0, maxConnectionIdleTimeMS=0, maintenanceInitialDelayMS=0, maintenanceFrequencyMS=60000, connectionPoolListeners=[], maxConnecting=2}, serverSettings=ServerSettings{heartbeatFrequencyMS=10000, minHeartbeatFrequencyMS=500, serverListeners='[]', serverMonitorListeners='[]'}, sslSettings=SslSettings{enabled=false, invalidHostNameAllowed=false, context=null}, applicationName='null', compressorList=[], uuidRepresentation=JAVA_LEGACY, serverApi=null, autoEncryptionSettings=null, contextProvider=null}
2023-10-09 17:45:01,010 INFO [cluster-ClusterId{value='6524745cb695cf51e66c0cf8', description='null'}-localhost:27017] o.m.d.cluster - Monitor thread successfully connected to server with description ServerDescription{address=localhost:27017, type=STANDALONE, state=CONNECTED, ok=true, minWireVersion=0, maxWireVersion=21, maxDocumentSize=16777216, logicalSessionTimeoutMinutes=30, roundTripTimeNanos=20170100}
2023-10-09 17:45:01,503 INFO [main] o.a.c.h.Http11NioProtocol - Starting ProtocolHandler ["http-nio-8080"]
2023-10-09 17:45:01,525 INFO [main] o.s.b.w.e.t.TomcatWebServer - Tomcat started on port(s): 8080 (http) with context path ''
2023-10-09 17:45:01,531 INFO [main] c.p.r.RatingApplication - Started RatingApplication in 2.049 seconds (process running for 2.974)
2023-10-09 17:45:22,351 INFO [http-nio-8080-exec-3] o.a.c.c.C.[.[.[/] - Initializing Spring DispatcherServlet 'dispatcherServlet'
2023-10-09 17:45:22,351 INFO [http-nio-8080-exec-3] o.s.w.s.DispatcherServlet - Initializing Servlet 'dispatcherServlet'
2023-10-09 17:45:22,352 INFO [http-nio-8080-exec-3] o.s.w.s.DispatcherServlet - Completed initialization in 1 ms
2023-10-09 17:45:22,426 INFO [http-nio-8080-exec-3] c.p.r.s.RatingService - Fetching data from collection: Reviews
2023-10-09 17:45:22,471 INFO [http-nio-8080-exec-3] formattedReview - CompanyTRAK|Stacy|Smove|02934|2023-10-09 17:28:55
2023-10-09 17:45:22,472 INFO [http-nio-8080-exec-3] formattedReview - CompanyTRAK|Stacy|Smove|02934|2023-10-09 17:29:33
2023-10-09 17:45:22,472 INFO [http-nio-8080-exec-3] formattedReview - CompanyTRAK|Stacy|Smove|02934|2023-10-09 17:29:34
2023-10-09 17:45:22,472 INFO [http-nio-8080-exec-3] formattedReview - CompanyTRAK|Stacy|Smove|02934|2023-10-09 17:29:35
2023-10-09 17:45:22,472 INFO [http-nio-8080-exec-3] formattedReview - CompanyTRAK|Stacy|Smove|02934|2023-10-09 17:29:36
2023-10-09 17:45:22,472 INFO [http-nio-8080-exec-3] formattedReview - CompanyTRAK|Stacy|Smove|02934|2023-10-09 17:30:12
2023-10-09 17:45:22,472 INFO [http-nio-8080-exec-3] formattedReview - CompanyTRAK|Stacy|Smove|02934|2023-10-09 17:30:12
2023-10-09 17:45:22,472 INFO [http-nio-8080-exec-3] formattedReview - CompanyTRAK|Stacy|Smove|02934|2023-10-09 17:30:13
2023-10-09 17:45:22,472 INFO [http-nio-8080-exec-3] formattedReview - CompanyTRAK|Stacy|Smove|02934|2023-10-09 17:30:14
2023-10-09 17:45:22,472 INFO [http-nio-8080-exec-3] formattedReview - CompanyTRAK|Stacy|Smove|02934|2023-10-09 17:30:15
2023-10-09 17:45:34,512 INFO [http-nio-8080-exec-2] c.p.r.s.RatingService - Deleted collection: Reviews
2023-10-09 17:45:36,645 INFO [http-nio-8080-exec-4] c.p.r.s.RatingService - Created collection: Reviews
2023-10-09 17:48:24,943 INFO [main] c.p.r.RatingApplication - Starting RatingApplication using Java 17.0.8 with PID 15708 (C:\Users\cboswell\OneDrive - V2SOFT INC\Desktop\IdeaProjects\Rating\build\classes\java\main started by cboswell in C:\Users\cboswell\OneDrive - V2SOFT INC\Desktop\IdeaProjects\Rating)
2023-10-09 17:48:24,951 INFO [main] c.p.r.RatingApplication - No active profile set, falling back to 1 default profile: "default"
2023-10-09 17:48:25,456 INFO [main] o.s.d.r.c.RepositoryConfigurationDelegate - Bootstrapping Spring Data MongoDB repositories in DEFAULT mode.
2023-10-09 17:48:25,512 INFO [main] o.s.d.r.c.RepositoryConfigurationDelegate - Finished Spring Data repository scanning in 52 ms. Found 1 MongoDB repository interfaces.
2023-10-09 17:48:25,884 INFO [main] o.s.b.w.e.t.TomcatWebServer - Tomcat initialized with port(s): 8080 (http)
2023-10-09 17:48:25,898 INFO [main] o.a.c.h.Http11NioProtocol - Initializing ProtocolHandler ["http-nio-8080"]
2023-10-09 17:48:25,901 INFO [main] o.a.c.c.StandardService - Starting service [Tomcat]
2023-10-09 17:48:25,901 INFO [main] o.a.c.c.StandardEngine - Starting Servlet engine: [Apache Tomcat/10.1.13]
2023-10-09 17:48:26,035 INFO [main] o.a.c.c.C.[.[.[/] - Initializing Spring embedded WebApplicationContext
2023-10-09 17:48:26,036 INFO [main] o.s.b.w.s.c.ServletWebServerApplicationContext - Root WebApplicationContext: initialization completed in 1045 ms
2023-10-09 17:48:26,276 INFO [main] o.m.d.client - MongoClient with metadata {"driver": {"name": "mongo-java-driver|sync|spring-boot", "version": "4.9.1"}, "os": {"type": "Windows", "name": "Windows 11", "architecture": "amd64", "version": "10.0"}, "platform": "Java/Oracle Corporation/17.0.8+9-LTS-211"} created with settings MongoClientSettings{readPreference=primary, writeConcern=WriteConcern{w=null, wTimeout=null ms, journal=null}, retryWrites=true, retryReads=true, readConcern=ReadConcern{level=null}, credential=null, streamFactoryFactory=null, commandListeners=[], codecRegistry=ProvidersCodecRegistry{codecProviders=[ValueCodecProvider{}, BsonValueCodecProvider{}, DBRefCodecProvider{}, DBObjectCodecProvider{}, DocumentCodecProvider{}, CollectionCodecProvider{}, IterableCodecProvider{}, MapCodecProvider{}, GeoJsonCodecProvider{}, GridFSFileCodecProvider{}, Jsr310CodecProvider{}, JsonObjectCodecProvider{}, BsonCodecProvider{}, EnumCodecProvider{}, com.mongodb.client.model.mql.ExpressionCodecProvider@1e3df614, com.mongodb.Jep395RecordCodecProvider@6579cdbb]}, loggerSettings=LoggerSettings{maxDocumentLength=1000}, clusterSettings={hosts=[localhost:27017], srvServiceName=mongodb, mode=SINGLE, requiredClusterType=UNKNOWN, requiredReplicaSetName='null', serverSelector='null', clusterListeners='[]', serverSelectionTimeout='30000 ms', localThreshold='30000 ms'}, socketSettings=SocketSettings{connectTimeoutMS=10000, readTimeoutMS=0, receiveBufferSize=0, sendBufferSize=0}, heartbeatSocketSettings=SocketSettings{connectTimeoutMS=10000, readTimeoutMS=10000, receiveBufferSize=0, sendBufferSize=0}, connectionPoolSettings=ConnectionPoolSettings{maxSize=100, minSize=0, maxWaitTimeMS=120000, maxConnectionLifeTimeMS=0, maxConnectionIdleTimeMS=0, maintenanceInitialDelayMS=0, maintenanceFrequencyMS=60000, connectionPoolListeners=[], maxConnecting=2}, serverSettings=ServerSettings{heartbeatFrequencyMS=10000, minHeartbeatFrequencyMS=500, serverListeners='[]', serverMonitorListeners='[]'}, sslSettings=SslSettings{enabled=false, invalidHostNameAllowed=false, context=null}, applicationName='null', compressorList=[], uuidRepresentation=JAVA_LEGACY, serverApi=null, autoEncryptionSettings=null, contextProvider=null}
2023-10-09 17:48:26,285 INFO [cluster-ClusterId{value='6524752a4e7d7a7bccc5d633', description='null'}-localhost:27017] o.m.d.cluster - Monitor thread successfully connected to server with description ServerDescription{address=localhost:27017, type=STANDALONE, state=CONNECTED, ok=true, minWireVersion=0, maxWireVersion=21, maxDocumentSize=16777216, logicalSessionTimeoutMinutes=30, roundTripTimeNanos=18987200}
2023-10-09 17:48:26,773 INFO [main] o.a.c.h.Http11NioProtocol - Starting ProtocolHandler ["http-nio-8080"]
2023-10-09 17:48:26,790 INFO [main] o.s.b.w.e.t.TomcatWebServer - Tomcat started on port(s): 8080 (http) with context path ''
2023-10-09 17:48:26,795 INFO [main] c.p.r.RatingApplication - Started RatingApplication in 2.193 seconds (process running for 3.146)
2023-10-09 17:48:34,646 INFO [http-nio-8080-exec-2] o.a.c.c.C.[.[.[/] - Initializing Spring DispatcherServlet 'dispatcherServlet'
2023-10-09 17:48:34,646 INFO [http-nio-8080-exec-2] o.s.w.s.DispatcherServlet - Initializing Servlet 'dispatcherServlet'
2023-10-09 17:48:34,647 INFO [http-nio-8080-exec-2] o.s.w.s.DispatcherServlet - Completed initialization in 1 ms
2023-10-09 17:48:34,724 INFO [http-nio-8080-exec-2] c.p.r.s.RatingService - Fetching data from collection: Reviews
2023-10-09 17:48:58,923 ERROR [http-nio-8080-exec-3] lowReviews - Low-rated review with rating code: 1
2023-10-09 17:49:23,910 ERROR [http-nio-8080-exec-4] lowReviews - Low-rated review with rating code: 2
2023-10-09 17:51:13,238 INFO [http-nio-8080-exec-3] c.p.r.s.RatingService - Fetching data from collection: Reviews
2023-10-09 17:51:13,268 INFO [http-nio-8080-exec-3] formattedReview - CompanyTRAK|Stacy|Smove|02934|2023-10-09 17:48:58
2023-10-09 17:51:13,268 INFO [http-nio-8080-exec-3] formattedReview - iConnectX|Tommy|Hill|02934|2023-10-09 17:49:23
2023-10-09 17:51:13,268 INFO [http-nio-8080-exec-3] formattedReview - WeInvite|Steve|Nash|02934|2023-10-09 17:49:52
2023-10-09 17:51:13,268 INFO [http-nio-8080-exec-3] formattedReview - EmployMe|Wager|Snead|02934|2023-10-09 17:50:19
2023-10-09 17:51:13,268 INFO [http-nio-8080-exec-3] formattedReview - EmployMe|Darnell|Hilly|02934|2023-10-09 17:50:46
2023-10-09 17:51:13,268 INFO [http-nio-8080-exec-3] formattedReview - EmployMe|Darnell|Hilly|02934|2023-10-09 17:50:47
2023-10-09 17:51:13,269 INFO [http-nio-8080-exec-3] formattedReview - EmployMe|Darnell|Hilly|02934|2023-10-09 17:50:48
2023-10-09 17:51:13,269 INFO [http-nio-8080-exec-3] formattedReview - EmployMe|Darnell|Hilly|02934|2023-10-09 17:50:49
2023-10-09 17:51:13,269 INFO [http-nio-8080-exec-3] formattedReview - EmployMe|Darnell|Hilly|02934|2023-10-09 17:50:50
2023-10-09 17:51:13,269 INFO [http-nio-8080-exec-3] formattedReview - EmployMe|Darnell|Hilly|02934|2023-10-09 17:50:50
