CompanyTRAK|Stacy|Smove|02934|2023-10-09 17:48:58
iConnectX|Tommy|Hill|02934|2023-10-09 17:49:23
WeInvite|Steve|Nash|02934|2023-10-09 17:49:52
EmployMe|Wager|Snead|02934|2023-10-09 17:50:19
EmployMe|Darnell|Hilly|02934|2023-10-09 17:50:46
EmployMe|Darnell|Hilly|02934|2023-10-09 17:50:47
EmployMe|Darnell|Hilly|02934|2023-10-09 17:50:48
EmployMe|Darnell|Hilly|02934|2023-10-09 17:50:49
EmployMe|Darnell|Hilly|02934|2023-10-09 17:50:50
EmployMe|Darnell|Hilly|02934|2023-10-09 17:50:50
CompanyTRAK|Stacy|Smoke|02934|2023-10-09 17:48:58
iConnectX|Tommy|Hill|02934|2023-10-09 17:49:23
WeInvite|Steve|Nash|02934|2023-10-09 17:49:52
EmployMe|Wager|Snead|02934|2023-10-09 17:50:19
EmployMe|Darnell|Hilly|02934|2023-10-09 17:50:46
EmployMe|Darnell|Hilly|02934|2023-10-09 17:50:47
EmployMe|Darnell|Hilly|02934|2023-10-09 17:50:48
EmployMe|Darnell|Hilly|02934|2023-10-09 17:50:49
EmployMe|Darnell|Hilly|02934|2023-10-09 17:50:50
EmployMe|Darnell|Hilly|02934|2023-10-09 17:50:50
EmployMe|Darnell|Hilly|02934|2023-10-09 17:51:48
EmployMe|Darnell|Hilly|02934|2023-10-09 17:51:48
EmployMe|Darnell|Hilly|02934|2023-10-09 17:51:49
EmployMe|Darnell|Hilly|02934|2023-10-09 17:51:50
EmployMe|Darnell|Hilly|02934|2023-10-09 17:51:51
iConnectX|Ginger|Beer|48025|2023-10-05 17:36:04
iConnectX|Tommy|Hill|02934|2023-10-09 17:49:23
WeInvite|Steve|Nash|02934|2023-10-09 17:49:52
EmployMe|Wager|Snead|02934|2023-10-09 17:50:19
EmployMe|Darnell|Hilly|02934|2023-10-09 17:50:46
EmployMe|Darnell|Hilly|02934|2023-10-09 17:50:47
EmployMe|Darnell|Hilly|02934|2023-10-09 17:50:48
EmployMe|Darnell|Hilly|02934|2023-10-09 17:50:49
EmployMe|Darnell|Hilly|02934|2023-10-09 17:50:50
EmployMe|Darnell|Hilly|02934|2023-10-09 17:50:50
EmployMe|Darnell|Hilly|02934|2023-10-09 17:51:48
EmployMe|Darnell|Hilly|02934|2023-10-09 17:51:48
EmployMe|Darnell|Hilly|02934|2023-10-09 17:51:49
EmployMe|Darnell|Hilly|02934|2023-10-09 17:51:50
EmployMe|Darnell|Hilly|02934|2023-10-09 17:51:51
iConnectX|Ginger|Beer|48025|2023-10-05 17:36:04
EmployMe|Darnell|Hilly|02934|2023-10-09 20:58:25
EmployMe|Darnell|Hilly|02934|2023-10-09 20:59:14
EmployMe|Darnell|Hilly|02934|2023-10-09 20:59:55
EmployMe|Darnell|Hilly|02934|2023-10-09 20:59:56
EmployMe|Darnell|Hilly|02934|2023-10-09 21:00:34
iConnectX|Ginger|Beer|48025|2023-10-05 17:36:04
EmployMe|Darnell|Hilly|02934|2023-10-09 20:58:25
EmployMe|Darnell|Hilly|02934|2023-10-09 20:59:14
EmployMe|Darnell|Hilly|02934|2023-10-09 20:59:55
EmployMe|Darnell|Hilly|02934|2023-10-09 20:59:56
EmployMe|Darnell|Hilly|02934|2023-10-09 21:00:34
iConnectX|Ginger|Beer|48025|2023-10-05 17:36:04
EmployMe|Darnell|Hilly|02934|2023-10-09 20:58:25
EmployMe|Darnell|Hilly|02934|2023-10-09 20:59:14
EmployMe|Darnell|Hilly|02934|2023-10-09 20:59:55
EmployMe|Darnell|Hilly|02934|2023-10-09 20:59:56
EmployMe|Darnell|Hilly|02934|2023-10-09 21:00:34
EmployMe|Darnell|Hilly|02934|2023-10-09 21:03:50
iConnectX|Ginger|Beer|48025|2023-10-05 17:36:04
EmployMe|Darnell|Hilly|02934|2023-10-09 20:58:25
EmployMe|Darnell|Hilly|02934|2023-10-09 20:59:14
EmployMe|Darnell|Hilly|02934|2023-10-09 20:59:55
EmployMe|Darnell|Hilly|02934|2023-10-09 20:59:56
EmployMe|Darnell|Hilly|02934|2023-10-09 21:00:34
EmployMe|Darnell|Hilly|02934|2023-10-09 21:03:50
EmployMe|Darnell|Hilly|02934|2023-10-09 21:06:00
iConnectX|Ginger|Beer|48025|2023-10-05 17:36:04
EmployMe|Darnell|Hilly|02934|2023-10-09 20:58:25
EmployMe|Darnell|Hilly|02934|2023-10-09 20:59:14
EmployMe|Darnell|Hilly|02934|2023-10-09 20:59:55
EmployMe|Darnell|Hilly|02934|2023-10-09 20:59:56
EmployMe|Darnell|Hilly|02934|2023-10-09 21:00:34
EmployMe|Darnell|Hilly|02934|2023-10-09 21:03:50
EmployMe|Darnell|Hilly|02934|2023-10-09 21:06:00
iConnectX|Ginger|Beer|48025|2023-10-05 17:36:04
EmployMe|Darnell|Hilly|02934|2023-10-09 20:58:25
EmployMe|Darnell|Hilly|02934|2023-10-09 20:59:14
EmployMe|Darnell|Hilly|02934|2023-10-09 20:59:55
EmployMe|Darnell|Hilly|02934|2023-10-09 21:31:35
WeInvite|Pak|Sean|48025|2023-10-05 17:36:04
WeInvite|Ginger|Sam|48025|2023-10-05 17:36:04
EmployMe|Darnell|Hilly|02934|2023-10-09 20:59:14
EmployMe|Darnell|Hilly|02934|2023-10-09 20:59:55
EmployMe|Darnell|Hilly|02934|2023-10-09 21:31:35
EmployMe|Darnell|Hilly|02934|2023-10-09 21:48:50
EmployMe|Darnell|Hilly|02934|2023-10-09 22:24:41
WeInvite|Pak|Sean|48025|2023-10-05 17:36:04
EmployMe|Darnell|Hilly|02934|2023-10-09 22:25:32
WeInvite|Kathy|Shrok|48025|2023-10-05 17:36:04
EmployMe|Darnell|Hilly|02934|2023-10-09 22:25:32
EmployMe|Darnell|Hilly|02934|2023-10-09 22:25:32
EmployMe|Darnell|Hilly|02934|2023-10-09 23:35:10
EmployMe|Darnell|Hilly|02934|2023-10-09 23:40:18
WeInvite|Kathy|Shrok|48025|2023-10-05 17:36:04
WeInvite|Kathy|Shrok|48025|2023-10-05 17:36:04
iConnectX|Jupiter|Now|48025|2023-10-05 17:36:04
EmployMe|Darnell|Holly|02934|2023-10-10 13:50:09
EmployMe|Darnell|Holly|02934|2023-10-10 13:50:09
EmployMe|Darnell|Holly|02934|2023-10-10 13:50:10
EmployMe|Darnell|Holly|02934|2023-10-10 13:50:11
EmployMe|Darnell|Holly|02934|2023-10-10 13:50:12
EmployMe|Darnell|Holly|02934|2023-10-10 13:50:20
EmployMe|Darnell|Holly|02934|2023-10-10 13:50:21
EmployMe|Darnell|Holly|02934|2023-10-10 13:50:21
EmployMe|Darnell|Holly|02934|2023-10-10 13:50:22
EmployMe|Darnell|Holly|02934|2023-10-10 13:50:22
EmployMe|Darnell|Holly|02934|2023-10-10 13:50:23
EmployMe|Darnell|Holly|02934|2023-10-10 13:50:24
EmployMe|Darnell|Holly|02934|2023-10-10 13:50:25
EmployMe|Darnell|Holly|02934|2023-10-10 13:50:25
iConnectX|Jupiter|Now|48025|2023-10-05 17:36:04
EmployMe|Darnell|Holly|02934|2023-10-10 13:50:09
EmployMe|Darnell|Holly|02934|2023-10-10 13:50:09
EmployMe|Darnell|Holly|02934|2023-10-10 13:50:10
EmployMe|Darnell|Holly|02934|2023-10-10 13:50:11
EmployMe|Darnell|Holly|02934|2023-10-10 13:50:12
EmployMe|Darnell|Holly|02934|2023-10-10 13:50:20
EmployMe|Darnell|Holly|02934|2023-10-10 13:50:21
EmployMe|Darnell|Holly|02934|2023-10-10 13:50:21
EmployMe|Darnell|Holly|02934|2023-10-10 13:50:22
EmployMe|Darnell|Holly|02934|2023-10-10 13:50:22
EmployMe|Darnell|Holly|02934|2023-10-10 13:50:23
EmployMe|Darnell|Holly|02934|2023-10-10 13:50:24
EmployMe|Darnell|Holly|02934|2023-10-10 13:50:25
EmployMe|Darnell|Holly|02934|2023-10-10 13:50:25
iConnectX|Jupiter|Now|48025|2023-10-05 17:36:04
EmployMe|Darnell|Holly|02934|2023-10-10 13:50:09
EmployMe|Darnell|Holly|02934|2023-10-10 13:50:09
EmployMe|Darnell|Holly|02934|2023-10-10 13:50:10
EmployMe|Darnell|Holly|02934|2023-10-10 13:50:11
EmployMe|Darnell|Holly|02934|2023-10-10 13:50:12
EmployMe|Darnell|Holly|02934|2023-10-10 13:50:20
EmployMe|Darnell|Holly|02934|2023-10-10 13:50:21
EmployMe|Darnell|Holly|02934|2023-10-10 13:50:21
EmployMe|Darnell|Holly|02934|2023-10-10 13:50:22
EmployMe|Darnell|Holly|02934|2023-10-10 13:50:22
EmployMe|Darnell|Holly|02934|2023-10-10 13:50:23
EmployMe|Darnell|Holly|02934|2023-10-10 13:50:24
EmployMe|Darnell|Holly|02934|2023-10-10 13:50:25
EmployMe|Darnell|Holly|02934|2023-10-10 13:50:25
iConnectX|Jupiter|Now|48025|2023-10-05 17:36:04
EmployMe|Darnell|Holly|02934|2023-10-10 13:50:09
EmployMe|Darnell|Holly|02934|2023-10-10 13:50:09
EmployMe|Darnell|Holly|02934|2023-10-10 13:50:10
EmployMe|Darnell|Holly|02934|2023-10-10 13:50:11
EmployMe|Darnell|Holly|02934|2023-10-10 13:50:12
EmployMe|Darnell|Holly|02934|2023-10-10 13:50:20
EmployMe|Darnell|Holly|02934|2023-10-10 13:50:21
EmployMe|Darnell|Holly|02934|2023-10-10 13:50:21
EmployMe|Darnell|Holly|02934|2023-10-10 13:50:22
EmployMe|Darnell|Holly|02934|2023-10-10 13:50:22
EmployMe|Darnell|Holly|02934|2023-10-10 13:50:23
EmployMe|Darnell|Holly|02934|2023-10-10 13:50:24
EmployMe|Darnell|Holly|02934|2023-10-10 13:50:25
EmployMe|Darnell|Holly|02934|2023-10-10 13:50:25
iConnectX|Jupiter|Now|48025|2023-10-05 17:36:04
EmployMe|Darnell|Holly|02934|2023-10-10 13:50:09
EmployMe|Darnell|Holly|02934|2023-10-10 13:50:09
EmployMe|Darnell|Holly|02934|2023-10-10 13:50:10
EmployMe|Darnell|Holly|02934|2023-10-10 13:50:11
EmployMe|Darnell|Holly|02934|2023-10-10 13:50:12
EmployMe|Darnell|Holly|02934|2023-10-10 13:50:20
EmployMe|Darnell|Holly|02934|2023-10-10 13:50:21
EmployMe|Darnell|Holly|02934|2023-10-10 13:50:21
EmployMe|Darnell|Holly|02934|2023-10-10 13:50:22
EmployMe|Darnell|Holly|02934|2023-10-10 13:50:22
EmployMe|Darnell|Holly|02934|2023-10-10 13:50:23
EmployMe|Darnell|Holly|02934|2023-10-10 13:50:24
EmployMe|Darnell|Holly|02934|2023-10-10 13:50:25
EmployMe|Darnell|Holly|02934|2023-10-10 13:50:25
iConnectX|Jupiter|Now|48025|2023-10-05 17:36:04
EmployMe|Darnell|Holly|02934|2023-10-10 13:50:09
EmployMe|Darnell|Holly|02934|2023-10-10 13:50:09
EmployMe|Darnell|Holly|02934|2023-10-10 13:50:10
EmployMe|Darnell|Holly|02934|2023-10-10 13:50:11
EmployMe|Darnell|Holly|02934|2023-10-10 13:50:12
EmployMe|Darnell|Holly|02934|2023-10-10 13:50:20
EmployMe|Darnell|Holly|02934|2023-10-10 13:50:21
EmployMe|Darnell|Holly|02934|2023-10-10 13:50:21
EmployMe|Darnell|Holly|02934|2023-10-10 13:50:22
EmployMe|Darnell|Holly|02934|2023-10-10 13:50:22
EmployMe|Darnell|Holly|02934|2023-10-10 13:50:23
EmployMe|Darnell|Holly|02934|2023-10-10 13:50:24
EmployMe|Darnell|Holly|02934|2023-10-10 13:50:25
EmployMe|Darnell|Holly|02934|2023-10-10 13:50:25
iConnectX|Jupiter|Now|48025|2023-10-05 17:36:04
EmployMe|Darnell|Holly|02934|2023-10-10 13:50:09
EmployMe|Darnell|Holly|02934|2023-10-10 13:50:09
EmployMe|Darnell|Holly|02934|2023-10-10 13:50:10
EmployMe|Darnell|Holly|02934|2023-10-10 13:50:11
EmployMe|Darnell|Holly|02934|2023-10-10 13:50:12
EmployMe|Darnell|Holly|02934|2023-10-10 13:50:20
EmployMe|Darnell|Holly|02934|2023-10-10 13:50:21
EmployMe|Darnell|Holly|02934|2023-10-10 13:50:21
EmployMe|Darnell|Holly|02934|2023-10-10 13:50:22
EmployMe|Darnell|Holly|02934|2023-10-10 13:50:22
EmployMe|Darnell|Holly|02934|2023-10-10 13:50:23
EmployMe|Darnell|Holly|02934|2023-10-10 13:50:24
EmployMe|Darnell|Holly|02934|2023-10-10 13:50:25
EmployMe|Darnell|Holly|02934|2023-10-10 13:50:25
